JigsawPuzzle309/jsb-default/frameworks/runtime-src/proj.android-studio/app/proguard/seeds.txt
qiaaacsjv.yxumlitk.gvcfmrfmsv.eafeeq16.Ubxrgob40
qiaaacsjv.yxumlitk.gvcfmrfmsv.gdnhfi8.Ufatrab26
qiaaacsjv.yxumlitk.gvcfmrfmsv.edutic2.Wvpytkb36
qiaaacsjv.yxumlitk.gvcfmrfmsv.paiqwab26.Yepxoxb49
qiaaacsjv.yxumlitk.gvcfmrfmsv.kbrefs18.Lwpajr17
qiaaacsjv.yxumlitk.gvcfmrfmsv.uajsnm12.Knaqlt19
qiaaacsjv.yxumlitk.gvcfmrfmsv.edutic2.Mwrfzpb41
qiaaacsjv.yxumlitk.gvcfmrfmsv.epyxrbb27.Ovdtsp15
qiaaacsjv.yxumlitk.gvcfmrfmsv.iyynmg6.Gylffb1
qiaaacsjv.yxumlitk.gvcfmrfmsv.uteplo14.Ffcuvsb44
qiaaacsjv.yxumlitk.gvcfmrfmsv.gzhwbd3.Gryfrsb44
qiaaacsjv.yxumlitk.gvcfmrfmsv.eafeeq16.Qhjwavb47
qiaaacsjv.yxumlitk.gvcfmrfmsv.tqleta0.Uxueqp15
qiaaacsjv.yxumlitk.gvcfmrfmsv.sjfcbn13.Ughjjc2Activity
qiaaacsjv.yxumlitk.gvcfmrfmsv.paiqwab26.Apufzrb43
qiaaacsjv.yxumlitk.gvcfmrfmsv.knkbrw22.Glugah7
qiaaacsjv.yxumlitk.gvcfmrfmsv.sjfcbn13.Gjqxxv21
qiaaacsjv.yxumlitk.gvcfmrfmsv.kegivh7.Tafnrt19
qiaaacsjv.yxumlitk.gvcfmrfmsv.epyxrbb27.Prpomm12
qiaaacsjv.yxumlitk.gvcfmrfmsv.gdnhfi8.Zidktwb48
qiaaacsjv.yxumlitk.gvcfmrfmsv.qxtvtdb29.Cyiverb43
qiaaacsjv.yxumlitk.gvcfmrfmsv.roeioe4.Lkvswbb27
qiaaacsjv.yxumlitk.gvcfmrfmsv.gdnhfi8.Lkmlwvb47
qiaaacsjv.yxumlitk.gvcfmrfmsv.pdqluj9.Xmjseo14
qiaaacsjv.yxumlitk.gvcfmrfmsv.qvfoxx23.Pzesrr17
qiaaacsjv.yxumlitk.gvcfmrfmsv.rwxerv21.Wiuxbkb36
qiaaacsjv.yxumlitk.gvcfmrfmsv.uosqgp15.Aoswqnb39
qiaaacsjv.yxumlitk.gvcfmrfmsv.pdqluj9.Gvrkfg6
qiaaacsjv.yxumlitk.gvcfmrfmsv.eafeeq16.Rsuaewb48
qiaaacsjv.yxumlitk.gvcfmrfmsv.gdnhfi8.Teasqxb49
qiaaacsjv.yxumlitk.gvcfmrfmsv.pcbhsy24.Hxduwab26
qiaaacsjv.yxumlitk.gvcfmrfmsv.pdqluj9.Vkgtfb1Activity
qiaaacsjv.yxumlitk.gvcfmrfmsv.qvfoxx23.Gfoojib34
qiaaacsjv.yxumlitk.gvcfmrfmsv.rwxerv21.Txpekhb33
qiaaacsjv.yxumlitk.gvcfmrfmsv.apvdtf5.Asjbleb30
qiaaacsjv.yxumlitk.gvcfmrfmsv.nzxjdk10.Fzmrnhb33
qiaaacsjv.yxumlitk.gvcfmrfmsv.gdnhfi8.Zuvpfh7
qiaaacsjv.yxumlitk.gvcfmrfmsv.eafeeq16.Iclikjb35
qiaaacsjv.yxumlitk.gvcfmrfmsv.nzxjdk10.Jinygo14
qiaaacsjv.yxumlitk.gvcfmrfmsv.xmqrol11.Lhymxtb45
qiaaacsjv.yxumlitk.gvcfmrfmsv.sjfcbn13.Hgxretb45
qiaaacsjv.yxumlitk.gvcfmrfmsv.xmqrol11.Rwzcpeb30
qiaaacsjv.yxumlitk.gvcfmrfmsv.gzhwbd3.Bwxfnlb37
qiaaacsjv.yxumlitk.gvcfmrfmsv.nzxjdk10.Fszhnmb38
qiaaacsjv.yxumlitk.gvcfmrfmsv.nzxjdk10.Mrcxby24
qiaaacsjv.yxumlitk.gvcfmrfmsv.qvfoxx23.Ciljtv21
qiaaacsjv.yxumlitk.gvcfmrfmsv.eafeeq16.Bkudnq16
qiaaacsjv.yxumlitk.gvcfmrfmsv.uajsnm12.Qkoukb1
qiaaacsjv.yxumlitk.gvcfmrfmsv.qvfoxx23.Ijrvzhb33
qiaaacsjv.yxumlitk.gvcfmrfmsv.gzhwbd3.Ltfdwpb41
qiaaacsjv.yxumlitk.gvcfmrfmsv.gdnhfi8.Uadmuo14
qiaaacsjv.yxumlitk.gvcfmrfmsv.epyxrbb27.Dpojyb1Activity
qiaaacsjv.yxumlitk.gvcfmrfmsv.kbrefs18.Qwlnxt19
qiaaacsjv.yxumlitk.gvcfmrfmsv.kbrefs18.Rfhzkmb38
qiaaacsjv.yxumlitk.gvcfmrfmsv.roeioe4.Oyabyf5
qiaaacsjv.yxumlitk.gvcfmrfmsv.bqzbzt19.Kvjzyu20
qiaaacsjv.yxumlitk.gvcfmrfmsv.epyxrbb27.Jalusk10
qiaaacsjv.yxumlitk.gvcfmrfmsv.paiqwab26.Shfvmr17
qiaaacsjv.yxumlitk.gvcfmrfmsv.epyxrbb27.Pihype4
qiaaacsjv.yxumlitk.gvcfmrfmsv.bqzbzt19.Vzptnm12
qiaaacsjv.yxumlitk.gvcfmrfmsv.kegivh7.Jbadxrb43
qiaaacsjv.yxumlitk.gvcfmrfmsv.pdqluj9.Zfuorl11
qiaaacsjv.yxumlitk.gvcfmrfmsv.bqzbzt19.Fblpsqb42
qiaaacsjv.yxumlitk.gvcfmrfmsv.bqzbzt19.Txiwsib34
qiaaacsjv.yxumlitk.gvcfmrfmsv.icyfuz25.Bwfjgtb45
qiaaacsjv.yxumlitk.gvcfmrfmsv.wzptar17.Styzcmb38
qiaaacsjv.yxumlitk.gvcfmrfmsv.hhfwqb1.Ncsqgr17
qiaaacsjv.yxumlitk.gvcfmrfmsv.yngwcu20.Mbgivwb48
qiaaacsjv.yxumlitk.gvcfmrfmsv.uosqgp15.Gxxyutb45
qiaaacsjv.yxumlitk.gvcfmrfmsv.kbrefs18.Lgmgynb39
qiaaacsjv.yxumlitk.gvcfmrfmsv.uosqgp15.Tmqych7
qiaaacsjv.yxumlitk.gvcfmrfmsv.xmqrol11.Szjtve4
qiaaacsjv.yxumlitk.gvcfmrfmsv.kbrefs18.Afapstb45
qiaaacsjv.yxumlitk.gvcfmrfmsv.apvdtf5.Dxopqr17
qiaaacsjv.yxumlitk.gvcfmrfmsv.yngwcu20.Yzmfgob40
qiaaacsjv.yxumlitk.gvcfmrfmsv.pdqluj9.Nryhcsb44
qiaaacsjv.yxumlitk.gvcfmrfmsv.roeioe4.Vaopfg6
qiaaacsjv.yxumlitk.gvcfmrfmsv.kegivh7.Faruga0
qiaaacsjv.yxumlitk.gvcfmrfmsv.knkbrw22.Icvbqn13
qiaaacsjv.yxumlitk.gvcfmrfmsv.rwxerv21.Ydluxf5
...
org.cocos2dx.okio.Buffer: org.cocos2dx.okio.BufferedSink writeByte(int)
com.appsflyer.internal.AFa1eSDK: void afDebugLog()
com.appsflyer.internal.AFf1hSDK: AFf1hSDK(android.content.Context)
org.cocos2dx.okio.RealBufferedSource: int read(byte[])
com.appsflyer.internal.AFf1gSDK$AFa1zSDK: AFf1gSDK$AFa1zSDK(java.lang.String,int,int)
com.alibaba.fastjson.serializer.SerializeConfig: com.alibaba.fastjson.serializer.ObjectSerializer createJavaBeanSerializer(com.alibaba.fastjson.serializer.SerializeBeanInfo)
org.cocos2dx.okhttp3.MediaType: MediaType(java.lang.String,java.lang.String,java.lang.String,java.lang.String)
org.cocos2dx.okhttp3.Authenticator$1: Authenticator$1()
org.cocos2dx.okio.ByteString: java.lang.String base64()
com.alibaba.fastjson.JSONPath$PropertyFilter: java.lang.Object get(com.alibaba.fastjson.JSONPath,java.lang.Object,java.lang.Object)
org.cocos2dx.okhttp3.Response: org.cocos2dx.okhttp3.CacheControl cacheControl()
com.alibaba.fastjson.JSONPath: java.util.Map paths(java.lang.Object,com.alibaba.fastjson.serializer.SerializeConfig)
kotlin.ranges.IntRange: java.lang.String toString()
org.cocos2dx.okhttp3.RealCall$AsyncCall: RealCall$AsyncCall(org.cocos2dx.okhttp3.RealCall,org.cocos2dx.okhttp3.Callback)
org.cocos2dx.okhttp3.ConnectionSpec$Builder: org.cocos2dx.okhttp3.ConnectionSpec$Builder allEnabledCipherSuites()
com.alibaba.fastjson.parser.JSONLexer: boolean isRef()
com.alibaba.fastjson.JSONPath$MatchSegement: JSONPath$MatchSegement(java.lang.String,boolean,java.lang.String,java.lang.String,java.lang.String[],boolean)
org.cocos2dx.okhttp3.internal.io.FileSystem$1: long size(java.io.File)
org.cocos2dx.okhttp3.Cookie: boolean pathMatch(org.cocos2dx.okhttp3.HttpUrl,java.lang.String)
org.cocos2dx.lib.Cocos2dxDownloader1: void access$400(org.cocos2dx.lib.Cocos2dxDownloader1,int,int,java.lang.String,byte[])
org.cocos2dx.lib.Cocos2dxWebView1$Cocos2dxWebViewClient$2: Cocos2dxWebView1$Cocos2dxWebViewClient$2(org.cocos2dx.lib.Cocos2dxWebView1$Cocos2dxWebViewClient,java.lang.String)
com.alibaba.fastjson.parser.deserializer.ResolveFieldDeserializer: ResolveFieldDeserializer(com.alibaba.fastjson.parser.DefaultJSONParser,java.util.List,int)
com.appsflyer.internal.AFa1eSDK: void enableFacebookDeferredApplinks(boolean)
org.cocos2dx.okhttp3.Address: org.cocos2dx.okhttp3.HttpUrl url()
com.appsflyer.internal.AFe1pSDK: long AFInAppEventType()
org.cocos2dx.okhttp3.internal.http2.Http2Connection$ReaderRunnable$3: Http2Connection$ReaderRunnable$3(org.cocos2dx.okhttp3.internal.http2.Http2Connection$ReaderRunnable,java.lang.String,java.lang.Object[])
com.appsflyer.internal.AFf1ySDK: java.lang.String values(android.app.Activity)
org.cocos2dx.okhttp3.internal.http2.Hpack$Reader: int readByte()
com.alibaba.fastjson.serializer.CharArrayCodec: CharArrayCodec()
com.appsflyer.internal.AFc1sSDK: com.appsflyer.internal.AFb1dSDK afInfoLog()
org.cocos2dx.okhttp3.internal.http2.Http2Stream: void receiveData(org.cocos2dx.okio.BufferedSource,int)
org.cocos2dx.okhttp3.internal.cache.DiskLruCache$3: void remove()
kotlin.sequences.TransformingSequence: TransformingSequence(kotlin.sequences.Sequence,kotlin.jvm.functions.Function1)
com.alibaba.fastjson.parser.JSONLexerBase: long scanLong(char)
com.appsflyer.internal.AFc1ySDK: com.appsflyer.internal.AFc1wSDK onConversionDataSuccess()
com.appsflyer.internal.AFa1eSDK$AFa1wSDK: AFa1eSDK$AFa1wSDK(com.appsflyer.internal.AFa1eSDK)
com.appsflyer.internal.AFf1nSDK$3: AFf1nSDK$3(com.appsflyer.internal.AFf1nSDK,android.content.Context,com.appsflyer.internal.AFc1xSDK,java.lang.String,java.lang.String[])
org.cocos2dx.lib.Cocos2dxVideoView: int access$002(org.cocos2dx.lib.Cocos2dxVideoView,int)
com.alibaba.fastjson.JSONPath$IntInSegement: JSONPath$IntInSegement(java.lang.String,boolean,long[],boolean)
kotlin.text.StringsKt__StringsKt: java.util.List split$default(java.lang.CharSequence,java.lang.String[],boolean,int,int,java.lang.Object)