JigsawPuzzle309/jsb-default/frameworks/runtime-src/proj.android-studio/app/proguard/mapping.txt
# compiler: R8
# compiler_version: 2.2.71
# min_api: 21
# pg_map_id: 7b67537
# common_typos_disable
qiaaacsjv.yxumlitk.gvcfmrfmsv.StringFog -> kuhRibRC7.yE5W1ZXw.yE5W1ZXw.yE5W1ZXw:
    com.github.megatronking.stringfog.xor.StringFogImpl IMPL -> yE5W1ZXw
    java.lang.String decrypt(java.lang.String) -> yE5W1ZXw
...
org.cocos2dx.okio.AsyncTimeout$2 -> org.cocos2dx.okio.AsyncTimeout$U66SPAghzzW4:
    org.cocos2dx.okio.Source val$source -> yE5W1ZXw
    org.cocos2dx.okio.AsyncTimeout this$0 -> U66SPAghzzW4
org.cocos2dx.okio.AsyncTimeout$Watchdog -> org.cocos2dx.okio.AsyncTimeout$KJLbVI5rcf:
org.cocos2dx.okio.Base64 -> KJLbVI5rcf.yE5W1ZXw.KJLbVI5rcf.yE5W1ZXw:
    byte[] MAP -> yE5W1ZXw
    byte[] URL_MAP -> U66SPAghzzW4
    java.lang.String encode(byte[],byte[]) -> KJLbVI5rcf
    java.lang.String encode(byte[]) -> U66SPAghzzW4
    java.lang.String encodeUrl(byte[]) -> kuhRibRC7
    byte[] decode(java.lang.String) -> yE5W1ZXw
org.cocos2dx.okio.Buffer$1 -> org.cocos2dx.okio.Buffer$yE5W1ZXw:
    org.cocos2dx.okio.Buffer this$0 -> yE5W1ZXw
org.cocos2dx.okio.Buffer$2 -> org.cocos2dx.okio.Buffer$U66SPAghzzW4:
    org.cocos2dx.okio.Buffer this$0 -> yE5W1ZXw
org.cocos2dx.okio.Okio$1 -> org.cocos2dx.okio.Okio$yE5W1ZXw:
    java.io.OutputStream val$out -> U66SPAghzzW4
    org.cocos2dx.okio.Timeout val$timeout -> yE5W1ZXw
org.cocos2dx.okio.Okio$2 -> org.cocos2dx.okio.Okio$U66SPAghzzW4:
    java.io.InputStream val$in -> U66SPAghzzW4
    org.cocos2dx.okio.Timeout val$timeout -> yE5W1ZXw
org.cocos2dx.okio.Okio$3 -> org.cocos2dx.okio.Okio$KJLbVI5rcf:
org.cocos2dx.okio.Okio$4 -> org.cocos2dx.okio.Okio$kuhRibRC7:
    java.net.Socket val$socket -> yE5W1ZXw
org.cocos2dx.okio.Pipe$PipeSink -> org.cocos2dx.okio.Pipe$yE5W1ZXw:
    org.cocos2dx.okio.Pipe this$0 -> U66SPAghzzW4
    org.cocos2dx.okio.Timeout timeout -> yE5W1ZXw
org.cocos2dx.okio.Pipe$PipeSource -> org.cocos2dx.okio.Pipe$U66SPAghzzW4:
    org.cocos2dx.okio.Pipe this$0 -> U66SPAghzzW4
    org.cocos2dx.okio.Timeout timeout -> yE5W1ZXw
org.cocos2dx.okio.RealBufferedSink -> KJLbVI5rcf.yE5W1ZXw.KJLbVI5rcf.U66SPAghzzW4:
    boolean closed -> KJLbVI5rcf
    org.cocos2dx.okio.Buffer buffer -> yE5W1ZXw
    org.cocos2dx.okio.Sink sink -> U66SPAghzzW4
org.cocos2dx.okio.RealBufferedSink$1 -> KJLbVI5rcf.yE5W1ZXw.KJLbVI5rcf.U66SPAghzzW4$yE5W1ZXw:
    org.cocos2dx.okio.RealBufferedSink this$0 -> yE5W1ZXw
org.cocos2dx.okio.RealBufferedSource -> KJLbVI5rcf.yE5W1ZXw.KJLbVI5rcf.KJLbVI5rcf:
    boolean closed -> KJLbVI5rcf
    org.cocos2dx.okio.Source source -> U66SPAghzzW4
    org.cocos2dx.okio.Buffer buffer -> yE5W1ZXw
org.cocos2dx.okio.RealBufferedSource$1 -> KJLbVI5rcf.yE5W1ZXw.KJLbVI5rcf.KJLbVI5rcf$yE5W1ZXw:
    org.cocos2dx.okio.RealBufferedSource this$0 -> yE5W1ZXw
org.cocos2dx.okio.Segment -> KJLbVI5rcf.yE5W1ZXw.KJLbVI5rcf.kuhRibRC7:
    int pos -> U66SPAghzzW4
    byte[] data -> yE5W1ZXw
    boolean shared -> kuhRibRC7
    org.cocos2dx.okio.Segment next -> lTHxoaxH098
    org.cocos2dx.okio.Segment prev -> esy6mj97P
    int limit -> KJLbVI5rcf
    boolean owner -> rfIGTNzpn5W
    org.cocos2dx.okio.Segment push(org.cocos2dx.okio.Segment) -> KJLbVI5rcf
    org.cocos2dx.okio.Segment pop() -> U66SPAghzzW4
    void writeTo(org.cocos2dx.okio.Segment,int) -> esy6mj97P
    org.cocos2dx.okio.Segment sharedCopy() -> kuhRibRC7
    org.cocos2dx.okio.Segment unsharedCopy() -> lTHxoaxH098
    org.cocos2dx.okio.Segment split(int) -> rfIGTNzpn5W
    void compact() -> yE5W1ZXw
org.cocos2dx.okio.SegmentPool -> KJLbVI5rcf.yE5W1ZXw.KJLbVI5rcf.rfIGTNzpn5W:
    org.cocos2dx.okio.Segment next -> yE5W1ZXw
    long byteCount -> U66SPAghzzW4
    org.cocos2dx.okio.Segment take() -> U66SPAghzzW4
    void recycle(org.cocos2dx.okio.Segment) -> yE5W1ZXw
org.cocos2dx.okio.SegmentedByteString -> KJLbVI5rcf.yE5W1ZXw.KJLbVI5rcf.lTHxoaxH098:
    byte[][] segments -> yE5W1ZXw
    int[] directory -> U66SPAghzzW4
    org.cocos2dx.okio.ByteString toByteString() -> U66SPAghzzW4
    int segment(int) -> yE5W1ZXw
org.cocos2dx.okio.Timeout$1 -> org.cocos2dx.okio.Timeout$yE5W1ZXw: