JigsawPuzzle309/jsb-default/frameworks/runtime-src/proj.android-studio/app/proguard/unused.txt
qiaaacsjv.yxumlitk.gvcfmrfmsv.BuildConfig
qiaaacsjv.yxumlitk.gvcfmrfmsv.R$drawable
qiaaacsjv.yxumlitk.gvcfmrfmsv.R$id
qiaaacsjv.yxumlitk.gvcfmrfmsv.R$layout
qiaaacsjv.yxumlitk.gvcfmrfmsv.R$mipmap
qiaaacsjv.yxumlitk.gvcfmrfmsv.R$raw
qiaaacsjv.yxumlitk.gvcfmrfmsv.R$string
qiaaacsjv.yxumlitk.gvcfmrfmsv.R$style
qiaaacsjv.yxumlitk.gvcfmrfmsv.R$xml
qiaaacsjv.yxumlitk.gvcfmrfmsv.R
qiaaacsjv.yxumlitk.gvcfmrfmsv.StringFog:
    public void <init>()
    public static java.lang.String encrypt(java.lang.String)
    public static boolean overflow(java.lang.String)
...
kotlin.reflect.KCallable$DefaultImpls
kotlin.reflect.KCallable
kotlin.reflect.KClass$DefaultImpls
kotlin.reflect.KClass:
    public abstract boolean equals(java.lang.Object)
    public abstract java.util.Collection getConstructors()
    public abstract java.util.Collection getMembers()
    public abstract java.util.Collection getNestedClasses()
    public abstract java.lang.Object getObjectInstance()
    public abstract java.lang.String getQualifiedName()
    public abstract java.util.List getSealedSubclasses()
    public abstract java.lang.String getSimpleName()
    public abstract java.util.List getSupertypes()
    public abstract java.util.List getTypeParameters()
    public abstract kotlin.reflect.KVisibility getVisibility()
    public abstract int hashCode()
    public abstract boolean isAbstract()
    public abstract boolean isCompanion()
    public abstract boolean isData()
    public abstract boolean isFinal()
    public abstract boolean isFun()
    public abstract boolean isInner()
    public abstract boolean isInstance(java.lang.Object)
    public abstract boolean isOpen()
    public abstract boolean isSealed()
    public abstract boolean isValue()
kotlin.reflect.KClasses
kotlin.reflect.KClassesImplKt
kotlin.reflect.KClassifier
kotlin.reflect.KDeclarationContainer
kotlin.reflect.KFunction$DefaultImpls
kotlin.reflect.KFunction
kotlin.reflect.KMutableProperty$Setter
kotlin.reflect.KMutableProperty0$Setter
kotlin.reflect.KMutableProperty0
kotlin.reflect.KMutableProperty1$Setter
kotlin.reflect.KMutableProperty1
kotlin.reflect.KMutableProperty2$Setter
kotlin.reflect.KMutableProperty2
kotlin.reflect.KMutableProperty
kotlin.reflect.KParameter$DefaultImpls
kotlin.reflect.KParameter$Kind
kotlin.reflect.KParameter
kotlin.reflect.KProperty$Accessor
kotlin.reflect.KProperty$DefaultImpls
kotlin.reflect.KProperty$Getter
kotlin.reflect.KProperty0$Getter
kotlin.reflect.KProperty0
kotlin.reflect.KProperty1$Getter
kotlin.reflect.KProperty1
kotlin.reflect.KProperty2$Getter
kotlin.reflect.KProperty2
kotlin.reflect.KProperty
kotlin.reflect.KType$DefaultImpls
kotlin.reflect.KType
kotlin.reflect.KTypeParameter
kotlin.reflect.KTypeProjection$Companion
kotlin.reflect.KTypeProjection$WhenMappings
kotlin.reflect.KTypeProjection
kotlin.reflect.KVariance
kotlin.reflect.KVisibility
kotlin.reflect.ParameterizedTypeImpl$getTypeName$1$1
kotlin.reflect.ParameterizedTypeImpl
kotlin.reflect.TypeImpl
kotlin.reflect.TypeOfKt
kotlin.reflect.TypeVariableImpl
kotlin.reflect.TypesJVMKt$WhenMappings
kotlin.reflect.TypesJVMKt$typeToString$unwrap$1
kotlin.reflect.TypesJVMKt
kotlin.reflect.WildcardTypeImpl$Companion
kotlin.reflect.WildcardTypeImpl
kotlin.sequences.DistinctIterator
kotlin.sequences.DistinctSequence
kotlin.sequences.DropSequence$iterator$1
kotlin.sequences.DropSequence
kotlin.sequences.DropTakeSequence
kotlin.sequences.DropWhileSequence$iterator$1
kotlin.sequences.DropWhileSequence
kotlin.sequences.EmptySequence
kotlin.sequences.FilteringSequence$iterator$1
kotlin.sequences.FilteringSequence
kotlin.sequences.FlatteningSequence$iterator$1
kotlin.sequences.FlatteningSequence
kotlin.sequences.GeneratorSequence$iterator$1
kotlin.sequences.GeneratorSequence
kotlin.sequences.IndexingSequence$iterator$1
kotlin.sequences.IndexingSequence
kotlin.sequences.MergingSequence$iterator$1
kotlin.sequences.MergingSequence
kotlin.sequences.SequenceBuilderIterator
kotlin.sequences.SequenceScope
kotlin.sequences.SequencesKt:
    private void <init>()
kotlin.sequences.SequencesKt__SequenceBuilderKt$buildSequence$$inlined$Sequence$1
kotlin.sequences.SequencesKt__SequenceBuilderKt$sequence$$inlined$Sequence$1